<?xml version="1.0" encoding="UTF-8"?>
<testng-results skipped="0" failed="0" ignored="0" total="1" passed="1">
  <reporter-output>
  </reporter-output>
  <suite name="Suite1" duration-ms="247449" started-at="2022-02-27T21:01:42 IST" finished-at="2022-02-27T21:05:50 IST">
    <groups>
    </groups>
    <test name="Nopackage" duration-ms="247449" started-at="2022-02-27T21:01:42 IST" finished-at="2022-02-27T21:05:50 IST">
      <class name="TC.TC_homepage">
        <test-method status="PASS" signature="findTheElement(java.lang.String,java.lang.String)[pri:0, instance:TC.TC_homepage@4493d195]" name="findTheElement" duration-ms="247261" started-at="2022-02-27T21:01:42 IST" finished-at="2022-02-27T21:05:49 IST">
          <params>
            <param index="0">
              <value>
                <![CDATA[chrome]]>
              </value>
            </param>
            <param index="1">
              <value>
                <![CDATA[https://www.amazon.in/]]>
              </value>
            </param>
          </params>
          <reporter-output>
          </reporter-output>
        </test-method> <!-- findTheElement -->
      </class> <!-- TC.TC_homepage -->
    </test> <!-- Nopackage -->
  </suite> <!-- Suite1 -->
</testng-results>
